<?xml version="1.0" encoding="UTF-8"?>
<!-- Generated by org.testng.reporters.JUnitXMLReporter -->
<testsuite ignored="0" hostname="DESKTOP-8O9RLK1" failures="1" tests="1" name="Emp_Rest API_Test(failed)" time="10.71" errors="0" timestamp="2020-04-25T12:47:05 IST">
  <testcase classname="com.employeeapi.testCases.TC005_DELETE_EmployeeRecord" name="checkResponseBody" time="0.011">
    <failure type="java.lang.AssertionError" message="expected [true] but found [false]">
      <![CDATA[java.lang.AssertionError: expected [true] but found [false]
at com.employeeapi.testCases.TC005_DELETE_EmployeeRecord.checkResponseBody(TC005_DELETE_EmployeeRecord.java:38)
at java.base/java.util.ArrayList.forEach(ArrayList.java:1507)
... Removed 32 stack frames]]>
    </failure>
  </testcase> <!-- checkResponseBody -->
</testsuite> <!-- Emp_Rest API_Test(failed) -->
