<?xml version="1.0" encoding="UTF-8"?>
<!-- Generated by org.testng.reporters.JUnitXMLReporter -->
<testsuite ignored="0" hostname="DESKTOP-8O9RLK1" failures="0" tests="13" name="User_Rest API_Test" time="22.619" errors="0" timestamp="2020-05-06T22:34:42 IST">
  <testcase classname="com.user.testcases1.TC01_Get_UserDetails" name="validate_responsebody" time="0.076"/>
  <testcase classname="com.user.testcases1.TC01_Get_UserDetails" name="validate_statuscode" time="0.016"/>
  <testcase classname="com.user.testcases1.TC01_Get_UserDetails" name="validate_headers" time="0.005"/>
  <testcase classname="com.user.testcases1.TC01_Get_UserDetails" name="validate_AllHeaders" time="0.011"/>
  <testcase classname="com.user.testcases1.TC02_GET_SingleUser" name="validate_reponsebody" time="0.006"/>
  <testcase classname="com.user.testcases1.TC02_GET_SingleUser" name="validate_ResponseTime" time="0.003"/>
  <testcase classname="com.user.testcases1.TC03_GET_SingleUser_NotFound" name="validate_responsebody" time="0.008"/>
  <testcase classname="com.user.testcases1.TC03_GET_SingleUser_NotFound" name="validate_statuscode" time="0.003"/>
  <testcase classname="com.user.testcases1.TC04_POST_User" name="statuscode" time="0.006"/>
  <testcase classname="com.user.testcases1.TC04_POST_User" name="validate_response" time="0.891"/>
  <testcase classname="com.user.testcases1.TC05_PUT_UpdateUser" name="validate_response" time="0.124"/>
  <testcase classname="com.user.testcases1.TC05_PUT_UpdateUser" name="validate_status" time="0.004"/>
  <testcase classname="com.user.testcases1.TC06_DELETE_User" name="checkResponseBody" time="0.018"/>
</testsuite> <!-- User_Rest API_Test -->
