<?xml version="1.0" encoding="UTF-8"?>
<!-- Generated by org.testng.reporters.JUnitXMLReporter -->
<testsuite ignored="0" hostname="DESKTOP-8O9RLK1" failures="0" tests="18" name="Emp_Rest API_Test" time="23.094" errors="0" timestamp="2020-04-25T23:05:52 IST">
  <testcase classname="com.employeeapi.testCases.TC001_GET_Employees" name="checkReponsetime" time="0.01"/>
  <testcase classname="com.employeeapi.testCases.TC001_GET_Employees" name="checkResponseBody" time="0.059"/>
  <testcase classname="com.employeeapi.testCases.TC001_GET_Employees" name="checkServer" time="0.005"/>
  <testcase classname="com.employeeapi.testCases.TC001_GET_Employees" name="checkStatusCode" time="0.003"/>
  <testcase classname="com.employeeapi.testCases.TC001_GET_Employees" name="checkStatusLine" time="0.004"/>
  <testcase classname="com.employeeapi.testCases.TC001_GET_Employees" name="checkcontentencoding" time="0.007"/>
  <testcase classname="com.employeeapi.testCases.TC001_GET_Employees" name="checkcontenttype" time="0.001"/>
  <testcase classname="com.employeeapi.testCases.TC002_GET_SingleEmployee" name="checkContentLength" time="0.004"/>
  <testcase classname="com.employeeapi.testCases.TC002_GET_SingleEmployee" name="checkResponseBody" time="0.003"/>
  <testcase classname="com.employeeapi.testCases.TC002_GET_SingleEmployee" name="checkStatusCode" time="0.003"/>
  <testcase classname="com.employeeapi.testCases.TC003_POST_EmployeeRecord" name="checkResponseBody" time="0.017"/>
  <testcase classname="com.employeeapi.testCases.TC003_POST_EmployeeRecord" name="checkStatusCode" time="0.006"/>
  <testcase classname="com.employeeapi.testCases.TC003_POST_EmployeeRecord" name="checkStatusLine" time="0.004"/>
  <testcase classname="com.employeeapi.testCases.TC003_POST_EmployeeRecord" name="checkSuccessStatus" time="0.772"/>
  <testcase classname="com.employeeapi.testCases.TC004_PUT_EmployeeRecord" name="checkResponseBody" time="0.007"/>
  <testcase classname="com.employeeapi.testCases.TC004_PUT_EmployeeRecord" name="checkStatusCode" time="0.005"/>
  <testcase classname="com.employeeapi.testCases.TC004_PUT_EmployeeRecord" name="checkStatusLine" time="0.007"/>
  <testcase classname="com.employeeapi.testCases.TC004_PUT_EmployeeRecord" name="checkSuccessStatus" time="0.058"/>
</testsuite> <!-- Emp_Rest API_Test -->
