<?xml version="1.0" encoding="UTF-8"?>
<testng-results ignored="0" total="18" passed="18" failed="0" skipped="0">
  <reporter-output>
  </reporter-output>
  <suite started-at="2020-04-25T23:05:29 IST" name="EmployeeRestAPISuite" finished-at="2020-04-25T23:05:52 IST" duration-ms="23094">
    <groups>
    </groups>
    <test started-at="2020-04-25T23:05:29 IST" name="Emp_Rest API_Test" finished-at="2020-04-25T23:05:52 IST" duration-ms="23094">
      <class name="com.employeeapi.testCases.TC001_GET_Employees">
        <test-method is-config="true" signature="Get_AllEmployees()[pri:0, instance:com.employeeapi.testCases.TC001_GET_Employees@5ccddd20]" started-at="2020-04-25T23:05:29 IST" name="Get_AllEmployees" finished-at="2020-04-25T23:05:38 IST" duration-ms="9057" status="PASS">
          <reporter-output>
          </reporter-output>
        </test-method> <!-- Get_AllEmployees -->
        <test-method signature="checkReponsetime()[pri:0, instance:com.employeeapi.testCases.TC001_GET_Employees@5ccddd20]" started-at="2020-04-25T23:05:38 IST" name="checkReponsetime" finished-at="2020-04-25T23:05:38 IST" duration-ms="10" status="PASS">
          <reporter-output>
          </reporter-output>
        </test-method> <!-- checkReponsetime -->
        <test-method signature="checkResponseBody()[pri:0, instance:com.employeeapi.testCases.TC001_GET_Employees@5ccddd20]" started-at="2020-04-25T23:05:38 IST" name="checkResponseBody" finished-at="2020-04-25T23:05:38 IST" duration-ms="59" status="PASS">
          <reporter-output>
          </reporter-output>
        </test-method> <!-- checkResponseBody -->
        <test-method signature="checkServer()[pri:0, instance:com.employeeapi.testCases.TC001_GET_Employees@5ccddd20]" started-at="2020-04-25T23:05:38 IST" name="checkServer" finished-at="2020-04-25T23:05:38 IST" duration-ms="5" status="PASS">
          <reporter-output>
          </reporter-output>
        </test-method> <!-- checkServer -->
        <test-method signature="checkStatusCode()[pri:0, instance:com.employeeapi.testCases.TC001_GET_Employees@5ccddd20]" started-at="2020-04-25T23:05:38 IST" name="checkStatusCode" finished-at="2020-04-25T23:05:38 IST" duration-ms="3" status="PASS">
          <reporter-output>
          </reporter-output>
        </test-method> <!-- checkStatusCode -->
        <test-method signature="checkStatusLine()[pri:0, instance:com.employeeapi.testCases.TC001_GET_Employees@5ccddd20]" started-at="2020-04-25T23:05:38 IST" name="checkStatusLine" finished-at="2020-04-25T23:05:38 IST" duration-ms="4" status="PASS">
          <reporter-output>
          </reporter-output>
        </test-method> <!-- checkStatusLine -->
        <test-method signature="checkcontentencoding()[pri:0, instance:com.employeeapi.testCases.TC001_GET_Employees@5ccddd20]" started-at="2020-04-25T23:05:38 IST" name="checkcontentencoding" finished-at="2020-04-25T23:05:38 IST" duration-ms="7" status="PASS">
          <reporter-output>
          </reporter-output>
        </test-method> <!-- checkcontentencoding -->
        <test-method signature="checkcontenttype()[pri:0, instance:com.employeeapi.testCases.TC001_GET_Employees@5ccddd20]" started-at="2020-04-25T23:05:38 IST" name="checkcontenttype" finished-at="2020-04-25T23:05:38 IST" duration-ms="1" status="PASS">
          <reporter-output>
          </reporter-output>
        </test-method> <!-- checkcontenttype -->
        <test-method is-config="true" signature="tearDown()[pri:0, instance:com.employeeapi.testCases.TC001_GET_Employees@5ccddd20]" started-at="2020-04-25T23:05:38 IST" name="tearDown" finished-at="2020-04-25T23:05:38 IST" duration-ms="0" status="PASS">
          <reporter-output>
          </reporter-output>
        </test-method> <!-- tearDown -->
      </class> <!-- com.employeeapi.testCases.TC001_GET_Employees -->
      <class name="com.employeeapi.testCases.TC003_POST_EmployeeRecord">
        <test-method is-config="true" signature="POST_Method()[pri:0, instance:com.employeeapi.testCases.TC003_POST_EmployeeRecord@1f3f4916]" started-at="2020-04-25T23:05:38 IST" name="POST_Method" finished-at="2020-04-25T23:05:45 IST" duration-ms="6487" status="PASS">
          <reporter-output>
          </reporter-output>
        </test-method> <!-- POST_Method -->
        <test-method signature="checkResponseBody()[pri:0, instance:com.employeeapi.testCases.TC003_POST_EmployeeRecord@1f3f4916]" started-at="2020-04-25T23:05:45 IST" name="checkResponseBody" finished-at="2020-04-25T23:05:45 IST" duration-ms="17" status="PASS">
          <reporter-output>
          </reporter-output>
        </test-method> <!-- checkResponseBody -->
        <test-method signature="checkStatusCode()[pri:0, instance:com.employeeapi.testCases.TC003_POST_EmployeeRecord@1f3f4916]" started-at="2020-04-25T23:05:45 IST" name="checkStatusCode" finished-at="2020-04-25T23:05:45 IST" duration-ms="6" status="PASS">
          <reporter-output>
          </reporter-output>
        </test-method> <!-- checkStatusCode -->
        <test-method signature="checkStatusLine()[pri:0, instance:com.employeeapi.testCases.TC003_POST_EmployeeRecord@1f3f4916]" started-at="2020-04-25T23:05:45 IST" name="checkStatusLine" finished-at="2020-04-25T23:05:45 IST" duration-ms="4" status="PASS">
          <reporter-output>
          </reporter-output>
        </test-method> <!-- checkStatusLine -->
        <test-method signature="checkSuccessStatus()[pri:0, instance:com.employeeapi.testCases.TC003_POST_EmployeeRecord@1f3f4916]" started-at="2020-04-25T23:05:45 IST" name="checkSuccessStatus" finished-at="2020-04-25T23:05:46 IST" duration-ms="772" status="PASS">
          <reporter-output>
          </reporter-output>
        </test-method> <!-- checkSuccessStatus -->
        <test-method is-config="true" signature="teardown()[pri:0, instance:com.employeeapi.testCases.TC003_POST_EmployeeRecord@1f3f4916]" started-at="2020-04-25T23:05:46 IST" name="teardown" finished-at="2020-04-25T23:05:46 IST" duration-ms="0" status="PASS">
          <reporter-output>
          </reporter-output>
        </test-method> <!-- teardown -->
      </class> <!-- com.employeeapi.testCases.TC003_POST_EmployeeRecord -->
      <class name="com.employeeapi.testCases.TC004_PUT_EmployeeRecord">
        <test-method is-config="true" signature="update_Emp()[pri:0, instance:com.employeeapi.testCases.TC004_PUT_EmployeeRecord@794cb805]" started-at="2020-04-25T23:05:46 IST" name="update_Emp" finished-at="2020-04-25T23:05:52 IST" duration-ms="6084" status="PASS">
          <reporter-output>
          </reporter-output>
        </test-method> <!-- update_Emp -->
        <test-method signature="checkResponseBody()[pri:0, instance:com.employeeapi.testCases.TC004_PUT_EmployeeRecord@794cb805]" started-at="2020-04-25T23:05:52 IST" name="checkResponseBody" finished-at="2020-04-25T23:05:52 IST" duration-ms="7" status="PASS">
          <reporter-output>
          </reporter-output>
        </test-method> <!-- checkResponseBody -->
        <test-method signature="checkStatusCode()[pri:0, instance:com.employeeapi.testCases.TC004_PUT_EmployeeRecord@794cb805]" started-at="2020-04-25T23:05:52 IST" name="checkStatusCode" finished-at="2020-04-25T23:05:52 IST" duration-ms="5" status="PASS">
          <reporter-output>
          </reporter-output>
        </test-method> <!-- checkStatusCode -->
        <test-method signature="checkStatusLine()[pri:0, instance:com.employeeapi.testCases.TC004_PUT_EmployeeRecord@794cb805]" started-at="2020-04-25T23:05:52 IST" name="checkStatusLine" finished-at="2020-04-25T23:05:52 IST" duration-ms="7" status="PASS">
          <reporter-output>
          </reporter-output>
        </test-method> <!-- checkStatusLine -->
        <test-method signature="checkSuccessStatus()[pri:0, instance:com.employeeapi.testCases.TC004_PUT_EmployeeRecord@794cb805]" started-at="2020-04-25T23:05:52 IST" name="checkSuccessStatus" finished-at="2020-04-25T23:05:52 IST" duration-ms="58" status="PASS">
          <reporter-output>
          </reporter-output>
        </test-method> <!-- checkSuccessStatus -->
        <test-method is-config="true" signature="teardown()[pri:0, instance:com.employeeapi.testCases.TC004_PUT_EmployeeRecord@794cb805]" started-at="2020-04-25T23:05:52 IST" name="teardown" finished-at="2020-04-25T23:05:52 IST" duration-ms="3" status="PASS">
          <reporter-output>
          </reporter-output>
        </test-method> <!-- teardown -->
      </class> <!-- com.employeeapi.testCases.TC004_PUT_EmployeeRecord -->
      <class name="com.employeeapi.testCases.TC002_GET_SingleEmployee">
        <test-method signature="checkContentLength()[pri:0, instance:com.employeeapi.testCases.TC002_GET_SingleEmployee@1ed1993a]" started-at="2020-04-25T23:05:38 IST" name="checkContentLength" finished-at="2020-04-25T23:05:38 IST" duration-ms="4" status="PASS">
          <reporter-output>
          </reporter-output>
        </test-method> <!-- checkContentLength -->
        <test-method signature="checkResponseBody()[pri:0, instance:com.employeeapi.testCases.TC002_GET_SingleEmployee@1ed1993a]" started-at="2020-04-25T23:05:38 IST" name="checkResponseBody" finished-at="2020-04-25T23:05:38 IST" duration-ms="3" status="PASS">
          <reporter-output>
          </reporter-output>
        </test-method> <!-- checkResponseBody -->
        <test-method signature="checkStatusCode()[pri:0, instance:com.employeeapi.testCases.TC002_GET_SingleEmployee@1ed1993a]" started-at="2020-04-25T23:05:38 IST" name="checkStatusCode" finished-at="2020-04-25T23:05:38 IST" duration-ms="3" status="PASS">
          <reporter-output>
          </reporter-output>
        </test-method> <!-- checkStatusCode -->
        <test-method is-config="true" signature="teardown()[pri:0, instance:com.employeeapi.testCases.TC002_GET_SingleEmployee@1ed1993a]" started-at="2020-04-25T23:05:38 IST" name="teardown" finished-at="2020-04-25T23:05:38 IST" duration-ms="1" status="PASS">
          <reporter-output>
          </reporter-output>
        </test-method> <!-- teardown -->
      </class> <!-- com.employeeapi.testCases.TC002_GET_SingleEmployee -->
    </test> <!-- Emp_Rest API_Test -->
  </suite> <!-- EmployeeRestAPISuite -->
</testng-results>
